2023.10.11 14:27:37 INFO  ce[][o.s.p.ProcessEntryPoint] Starting ce
2023.10.11 14:27:37 INFO  ce[][o.s.ce.app.CeServer] Compute Engine starting up...
2023.10.11 14:27:37 INFO  ce[][o.s.s.e.EsClientProvider] Connected to local Elasticsearch: [http://localhost:9001]
2023.10.11 14:27:37 INFO  ce[][o.sonar.db.Database] Create JDBC data source for jdbc:postgresql://postgres:5432/sonar
2023.10.11 14:27:39 INFO  ce[][o.s.s.p.ServerFileSystemImpl] SonarQube home: /opt/sonarqube
2023.10.11 14:27:40 INFO  ce[][o.s.c.c.CePluginRepository] Load plugins
2023.10.11 14:27:42 INFO  ce[][o.s.c.c.ComputeEngineContainerImpl] Running Community edition
2023.10.11 14:27:42 INFO  ce[][o.s.ce.app.CeServer] Compute Engine is operational
2023.10.11 21:40:24 ERROR ce[][o.s.c.t.CeWorkerImpl] Failed to pop the queue of analysis reports
org.apache.ibatis.exceptions.PersistenceException: 
### Error querying database.  Cause: org.postgresql.util.PSQLException: FATAL: the database system is shutting down
### The error may exist in org.sonar.db.property.InternalPropertiesMapper
### The error may involve org.sonar.db.property.InternalPropertiesMapper.selectAsText
### The error occurred while executing a query
### Cause: org.postgresql.util.PSQLException: FATAL: the database system is shutting down
	at org.apache.ibatis.exceptions.ExceptionFactory.wrapException(ExceptionFactory.java:30)
	at org.apache.ibatis.session.defaults.DefaultSqlSession.selectList(DefaultSqlSession.java:149)
	at org.apache.ibatis.session.defaults.DefaultSqlSession.selectList(DefaultSqlSession.java:140)
	at org.apache.ibatis.binding.MapperMethod.executeForMany(MapperMethod.java:147)
	at org.apache.ibatis.binding.MapperMethod.execute(MapperMethod.java:80)
	at org.apache.ibatis.binding.MapperProxy$PlainMethodInvoker.invoke(MapperProxy.java:152)
	at org.apache.ibatis.binding.MapperProxy.invoke(MapperProxy.java:85)
	at com.sun.proxy.$Proxy25.selectAsText(Unknown Source)
	at org.sonar.db.property.InternalPropertiesDao.selectByKey(InternalPropertiesDao.java:155)
	at org.sonar.ce.queue.CeQueueImpl.getWorkersPauseStatus(CeQueueImpl.java:328)
	at org.sonar.ce.queue.InternalCeQueueImpl.peek(InternalCeQueueImpl.java:78)
	at org.sonar.ce.taskprocessor.CeWorkerImpl.tryAndFindTaskToExecute(CeWorkerImpl.java:170)
	at org.sonar.ce.taskprocessor.CeWorkerImpl.findAndProcessTask(CeWorkerImpl.java:153)
	at org.sonar.ce.taskprocessor.CeWorkerImpl$TrackRunningState.get(CeWorkerImpl.java:135)
	at org.sonar.ce.taskprocessor.CeWorkerImpl.call(CeWorkerImpl.java:87)
	at org.sonar.ce.taskprocessor.CeWorkerImpl.call(CeWorkerImpl.java:53)
	at com.google.common.util.concurrent.TrustedListenableFutureTask$TrustedFutureInterruptibleTask.runInterruptibly(TrustedListenableFutureTask.java:125)
	at com.google.common.util.concurrent.InterruptibleTask.run(InterruptibleTask.java:69)
	at com.google.common.util.concurrent.TrustedListenableFutureTask.run(TrustedListenableFutureTask.java:78)
	at java.base/java.util.concurrent.Executors$RunnableAdapter.call(Unknown Source)
	at java.base/java.util.concurrent.FutureTask.run(Unknown Source)
	at java.base/java.util.concurrent.ScheduledThreadPoolExecutor$ScheduledFutureTask.run(Unknown Source)
	at java.base/java.util.concurrent.ThreadPoolExecutor.runWorker(Unknown Source)
	at java.base/java.util.concurrent.ThreadPoolExecutor$Worker.run(Unknown Source)
	at java.base/java.lang.Thread.run(Unknown Source)
Caused by: org.postgresql.util.PSQLException: FATAL: the database system is shutting down
	at org.postgresql.core.v3.ConnectionFactoryImpl.doAuthentication(ConnectionFactoryImpl.java:646)
	at org.postgresql.core.v3.ConnectionFactoryImpl.tryConnect(ConnectionFactoryImpl.java:180)
	at org.postgresql.core.v3.ConnectionFactoryImpl.openConnectionImpl(ConnectionFactoryImpl.java:235)
	at org.postgresql.core.ConnectionFactory.openConnection(ConnectionFactory.java:49)
	at org.postgresql.jdbc.PgConnection.<init>(PgConnection.java:223)
	at org.postgresql.Driver.makeConnection(Driver.java:400)
	at org.postgresql.Driver.connect(Driver.java:259)
	at org.apache.commons.dbcp2.DriverConnectionFactory.createConnection(DriverConnectionFactory.java:55)
	at org.apache.commons.dbcp2.PoolableConnectionFactory.makeObject(PoolableConnectionFactory.java:355)
	at org.apache.commons.pool2.impl.GenericObjectPool.create(GenericObjectPool.java:889)
	at org.apache.commons.pool2.impl.GenericObjectPool.borrowObject(GenericObjectPool.java:424)
	at org.apache.commons.pool2.impl.GenericObjectPool.borrowObject(GenericObjectPool.java:349)
	at org.apache.commons.dbcp2.PoolingDataSource.getConnection(PoolingDataSource.java:134)
	at org.apache.commons.dbcp2.BasicDataSource$PaGetConnection.run(BasicDataSource.java:73)
	at org.apache.commons.dbcp2.BasicDataSource$PaGetConnection.run(BasicDataSource.java:69)
	at java.base/java.security.AccessController.doPrivileged(Native Method)
	at org.apache.commons.dbcp2.BasicDataSource.getConnection(BasicDataSource.java:744)
	at org.sonar.db.profiling.NullConnectionInterceptor.getConnection(NullConnectionInterceptor.java:31)
	at org.sonar.db.profiling.ProfiledDataSource.getConnection(ProfiledDataSource.java:317)
	at org.apache.ibatis.transaction.jdbc.JdbcTransaction.openConnection(JdbcTransaction.java:139)
	at org.apache.ibatis.transaction.jdbc.JdbcTransaction.getConnection(JdbcTransaction.java:61)
	at org.apache.ibatis.executor.BaseExecutor.getConnection(BaseExecutor.java:337)
	at org.apache.ibatis.executor.ReuseExecutor.prepareStatement(ReuseExecutor.java:88)
	at org.apache.ibatis.executor.ReuseExecutor.doQuery(ReuseExecutor.java:59)
	at org.apache.ibatis.executor.BaseExecutor.queryFromDatabase(BaseExecutor.java:325)
	at org.apache.ibatis.executor.BaseExecutor.query(BaseExecutor.java:156)
	at org.apache.ibatis.executor.CachingExecutor.query(CachingExecutor.java:109)
	at org.apache.ibatis.executor.CachingExecutor.query(CachingExecutor.java:89)
	at org.apache.ibatis.session.defaults.DefaultSqlSession.selectList(DefaultSqlSession.java:147)
	... 23 common frames omitted
2023.10.11 21:40:26 ERROR ce[][o.s.c.t.CeWorkerImpl] Failed to pop the queue of analysis reports
org.apache.ibatis.exceptions.PersistenceException: 
### Error querying database.  Cause: org.postgresql.util.PSQLException: FATAL: the database system is shutting down
### The error may exist in org.sonar.db.property.InternalPropertiesMapper
### The error may involve org.sonar.db.property.InternalPropertiesMapper.selectAsText
### The error occurred while executing a query
### Cause: org.postgresql.util.PSQLException: FATAL: the database system is shutting down
	at org.apache.ibatis.exceptions.ExceptionFactory.wrapException(ExceptionFactory.java:30)
	at org.apache.ibatis.session.defaults.DefaultSqlSession.selectList(DefaultSqlSession.java:149)
	at org.apache.ibatis.session.defaults.DefaultSqlSession.selectList(DefaultSqlSession.java:140)
	at org.apache.ibatis.binding.MapperMethod.executeForMany(MapperMethod.java:147)
	at org.apache.ibatis.binding.MapperMethod.execute(MapperMethod.java:80)
	at org.apache.ibatis.binding.MapperProxy$PlainMethodInvoker.invoke(MapperProxy.java:152)
	at org.apache.ibatis.binding.MapperProxy.invoke(MapperProxy.java:85)
	at com.sun.proxy.$Proxy25.selectAsText(Unknown Source)
	at org.sonar.db.property.InternalPropertiesDao.selectByKey(InternalPropertiesDao.java:155)
	at org.sonar.ce.queue.CeQueueImpl.getWorkersPauseStatus(CeQueueImpl.java:328)
	at org.sonar.ce.queue.InternalCeQueueImpl.peek(InternalCeQueueImpl.java:78)
	at org.sonar.ce.taskprocessor.CeWorkerImpl.tryAndFindTaskToExecute(CeWorkerImpl.java:170)
	at org.sonar.ce.taskprocessor.CeWorkerImpl.findAndProcessTask(CeWorkerImpl.java:153)
	at org.sonar.ce.taskprocessor.CeWorkerImpl$TrackRunningState.get(CeWorkerImpl.java:135)
	at org.sonar.ce.taskprocessor.CeWorkerImpl.call(CeWorkerImpl.java:87)
	at org.sonar.ce.taskprocessor.CeWorkerImpl.call(CeWorkerImpl.java:53)
	at com.google.common.util.concurrent.TrustedListenableFutureTask$TrustedFutureInterruptibleTask.runInterruptibly(TrustedListenableFutureTask.java:125)
	at com.google.common.util.concurrent.InterruptibleTask.run(InterruptibleTask.java:69)
	at com.google.common.util.concurrent.TrustedListenableFutureTask.run(TrustedListenableFutureTask.java:78)
	at java.base/java.util.concurrent.Executors$RunnableAdapter.call(Unknown Source)
	at java.base/java.util.concurrent.FutureTask.run(Unknown Source)
	at java.base/java.util.concurrent.ScheduledThreadPoolExecutor$ScheduledFutureTask.run(Unknown Source)
	at java.base/java.util.concurrent.ThreadPoolExecutor.runWorker(Unknown Source)
	at java.base/java.util.concurrent.ThreadPoolExecutor$Worker.run(Unknown Source)
	at java.base/java.lang.Thread.run(Unknown Source)
Caused by: org.postgresql.util.PSQLException: FATAL: the database system is shutting down
	at org.postgresql.core.v3.ConnectionFactoryImpl.doAuthentication(ConnectionFactoryImpl.java:646)
	at org.postgresql.core.v3.ConnectionFactoryImpl.tryConnect(ConnectionFactoryImpl.java:180)
	at org.postgresql.core.v3.ConnectionFactoryImpl.openConnectionImpl(ConnectionFactoryImpl.java:235)
	at org.postgresql.core.ConnectionFactory.openConnection(ConnectionFactory.java:49)
	at org.postgresql.jdbc.PgConnection.<init>(PgConnection.java:223)
	at org.postgresql.Driver.makeConnection(Driver.java:400)
	at org.postgresql.Driver.connect(Driver.java:259)
	at org.apache.commons.dbcp2.DriverConnectionFactory.createConnection(DriverConnectionFactory.java:55)
	at org.apache.commons.dbcp2.PoolableConnectionFactory.makeObject(PoolableConnectionFactory.java:355)
	at org.apache.commons.pool2.impl.GenericObjectPool.create(GenericObjectPool.java:889)
	at org.apache.commons.pool2.impl.GenericObjectPool.borrowObject(GenericObjectPool.java:424)
	at org.apache.commons.pool2.impl.GenericObjectPool.borrowObject(GenericObjectPool.java:349)
	at org.apache.commons.dbcp2.PoolingDataSource.getConnection(PoolingDataSource.java:134)
	at org.apache.commons.dbcp2.BasicDataSource$PaGetConnection.run(BasicDataSource.java:73)
	at org.apache.commons.dbcp2.BasicDataSource$PaGetConnection.run(BasicDataSource.java:69)
	at java.base/java.security.AccessController.doPrivileged(Native Method)
	at org.apache.commons.dbcp2.BasicDataSource.getConnection(BasicDataSource.java:744)
	at org.sonar.db.profiling.NullConnectionInterceptor.getConnection(NullConnectionInterceptor.java:31)
	at org.sonar.db.profiling.ProfiledDataSource.getConnection(ProfiledDataSource.java:317)
	at org.apache.ibatis.transaction.jdbc.JdbcTransaction.openConnection(JdbcTransaction.java:139)
	at org.apache.ibatis.transaction.jdbc.JdbcTransaction.getConnection(JdbcTransaction.java:61)
	at org.apache.ibatis.executor.BaseExecutor.getConnection(BaseExecutor.java:337)
	at org.apache.ibatis.executor.ReuseExecutor.prepareStatement(ReuseExecutor.java:88)
	at org.apache.ibatis.executor.ReuseExecutor.doQuery(ReuseExecutor.java:59)
	at org.apache.ibatis.executor.BaseExecutor.queryFromDatabase(BaseExecutor.java:325)
	at org.apache.ibatis.executor.BaseExecutor.query(BaseExecutor.java:156)
	at org.apache.ibatis.executor.CachingExecutor.query(CachingExecutor.java:109)
	at org.apache.ibatis.executor.CachingExecutor.query(CachingExecutor.java:89)
	at org.apache.ibatis.session.defaults.DefaultSqlSession.selectList(DefaultSqlSession.java:147)
	... 23 common frames omitted
2023.10.11 21:40:28 ERROR ce[][o.s.c.t.CeWorkerImpl] Failed to pop the queue of analysis reports
org.apache.ibatis.exceptions.PersistenceException: 
### Error querying database.  Cause: org.postgresql.util.PSQLException: FATAL: the database system is shutting down
### The error may exist in org.sonar.db.property.InternalPropertiesMapper
### The error may involve org.sonar.db.property.InternalPropertiesMapper.selectAsText
### The error occurred while executing a query
### Cause: org.postgresql.util.PSQLException: FATAL: the database system is shutting down
	at org.apache.ibatis.exceptions.ExceptionFactory.wrapException(ExceptionFactory.java:30)
	at org.apache.ibatis.session.defaults.DefaultSqlSession.selectList(DefaultSqlSession.java:149)
	at org.apache.ibatis.session.defaults.DefaultSqlSession.selectList(DefaultSqlSession.java:140)
	at org.apache.ibatis.binding.MapperMethod.executeForMany(MapperMethod.java:147)
	at org.apache.ibatis.binding.MapperMethod.execute(MapperMethod.java:80)
	at org.apache.ibatis.binding.MapperProxy$PlainMethodInvoker.invoke(MapperProxy.java:152)
	at org.apache.ibatis.binding.MapperProxy.invoke(MapperProxy.java:85)
	at com.sun.proxy.$Proxy25.selectAsText(Unknown Source)
	at org.sonar.db.property.InternalPropertiesDao.selectByKey(InternalPropertiesDao.java:155)
	at org.sonar.ce.queue.CeQueueImpl.getWorkersPauseStatus(CeQueueImpl.java:328)
	at org.sonar.ce.queue.InternalCeQueueImpl.peek(InternalCeQueueImpl.java:78)
	at org.sonar.ce.taskprocessor.CeWorkerImpl.tryAndFindTaskToExecute(CeWorkerImpl.java:170)
	at org.sonar.ce.taskprocessor.CeWorkerImpl.findAndProcessTask(CeWorkerImpl.java:153)
	at org.sonar.ce.taskprocessor.CeWorkerImpl$TrackRunningState.get(CeWorkerImpl.java:135)
	at org.sonar.ce.taskprocessor.CeWorkerImpl.call(CeWorkerImpl.java:87)
	at org.sonar.ce.taskprocessor.CeWorkerImpl.call(CeWorkerImpl.java:53)
	at com.google.common.util.concurrent.TrustedListenableFutureTask$TrustedFutureInterruptibleTask.runInterruptibly(TrustedListenableFutureTask.java:125)
	at com.google.common.util.concurrent.InterruptibleTask.run(InterruptibleTask.java:69)
	at com.google.common.util.concurrent.TrustedListenableFutureTask.run(TrustedListenableFutureTask.java:78)
	at java.base/java.util.concurrent.Executors$RunnableAdapter.call(Unknown Source)
	at java.base/java.util.concurrent.FutureTask.run(Unknown Source)
	at java.base/java.util.concurrent.ScheduledThreadPoolExecutor$ScheduledFutureTask.run(Unknown Source)
	at java.base/java.util.concurrent.ThreadPoolExecutor.runWorker(Unknown Source)
	at java.base/java.util.concurrent.ThreadPoolExecutor$Worker.run(Unknown Source)
	at java.base/java.lang.Thread.run(Unknown Source)
Caused by: org.postgresql.util.PSQLException: FATAL: the database system is shutting down
	at org.postgresql.core.v3.ConnectionFactoryImpl.doAuthentication(ConnectionFactoryImpl.java:646)
	at org.postgresql.core.v3.ConnectionFactoryImpl.tryConnect(ConnectionFactoryImpl.java:180)
	at org.postgresql.core.v3.ConnectionFactoryImpl.openConnectionImpl(ConnectionFactoryImpl.java:235)
	at org.postgresql.core.ConnectionFactory.openConnection(ConnectionFactory.java:49)
	at org.postgresql.jdbc.PgConnection.<init>(PgConnection.java:223)
	at org.postgresql.Driver.makeConnection(Driver.java:400)
	at org.postgresql.Driver.connect(Driver.java:259)
	at org.apache.commons.dbcp2.DriverConnectionFactory.createConnection(DriverConnectionFactory.java:55)
	at org.apache.commons.dbcp2.PoolableConnectionFactory.makeObject(PoolableConnectionFactory.java:355)
	at org.apache.commons.pool2.impl.GenericObjectPool.create(GenericObjectPool.java:889)
	at org.apache.commons.pool2.impl.GenericObjectPool.borrowObject(GenericObjectPool.java:424)
	at org.apache.commons.pool2.impl.GenericObjectPool.borrowObject(GenericObjectPool.java:349)
	at org.apache.commons.dbcp2.PoolingDataSource.getConnection(PoolingDataSource.java:134)
	at org.apache.commons.dbcp2.BasicDataSource$PaGetConnection.run(BasicDataSource.java:73)
	at org.apache.commons.dbcp2.BasicDataSource$PaGetConnection.run(BasicDataSource.java:69)
	at java.base/java.security.AccessController.doPrivileged(Native Method)
	at org.apache.commons.dbcp2.BasicDataSource.getConnection(BasicDataSource.java:744)
	at org.sonar.db.profiling.NullConnectionInterceptor.getConnection(NullConnectionInterceptor.java:31)
	at org.sonar.db.profiling.ProfiledDataSource.getConnection(ProfiledDataSource.java:317)
	at org.apache.ibatis.transaction.jdbc.JdbcTransaction.openConnection(JdbcTransaction.java:139)
	at org.apache.ibatis.transaction.jdbc.JdbcTransaction.getConnection(JdbcTransaction.java:61)
	at org.apache.ibatis.executor.BaseExecutor.getConnection(BaseExecutor.java:337)
	at org.apache.ibatis.executor.ReuseExecutor.prepareStatement(ReuseExecutor.java:88)
	at org.apache.ibatis.executor.ReuseExecutor.doQuery(ReuseExecutor.java:59)
	at org.apache.ibatis.executor.BaseExecutor.queryFromDatabase(BaseExecutor.java:325)
	at org.apache.ibatis.executor.BaseExecutor.query(BaseExecutor.java:156)
	at org.apache.ibatis.executor.CachingExecutor.query(CachingExecutor.java:109)
	at org.apache.ibatis.executor.CachingExecutor.query(CachingExecutor.java:89)
	at org.apache.ibatis.session.defaults.DefaultSqlSession.selectList(DefaultSqlSession.java:147)
	... 23 common frames omitted
2023.10.11 21:40:31 ERROR ce[][o.s.c.t.CeWorkerImpl] Failed to pop the queue of analysis reports
org.apache.ibatis.exceptions.PersistenceException: 
### Error querying database.  Cause: org.postgresql.util.PSQLException: Connection to postgres:5432 refused. Check that the hostname and port are correct and that the postmaster is accepting TCP/IP connections.
### The error may exist in org.sonar.db.property.InternalPropertiesMapper
### The error may involve org.sonar.db.property.InternalPropertiesMapper.selectAsText
### The error occurred while executing a query
### Cause: org.postgresql.util.PSQLException: Connection to postgres:5432 refused. Check that the hostname and port are correct and that the postmaster is accepting TCP/IP connections.
	at org.apache.ibatis.exceptions.ExceptionFactory.wrapException(ExceptionFactory.java:30)
	at org.apache.ibatis.session.defaults.DefaultSqlSession.selectList(DefaultSqlSession.java:149)
	at org.apache.ibatis.session.defaults.DefaultSqlSession.selectList(DefaultSqlSession.java:140)
	at org.apache.ibatis.binding.MapperMethod.executeForMany(MapperMethod.java:147)
	at org.apache.ibatis.binding.MapperMethod.execute(MapperMethod.java:80)
	at org.apache.ibatis.binding.MapperProxy$PlainMethodInvoker.invoke(MapperProxy.java:152)
	at org.apache.ibatis.binding.MapperProxy.invoke(MapperProxy.java:85)
	at com.sun.proxy.$Proxy25.selectAsText(Unknown Source)
	at org.sonar.db.property.InternalPropertiesDao.selectByKey(InternalPropertiesDao.java:155)
	at org.sonar.ce.queue.CeQueueImpl.getWorkersPauseStatus(CeQueueImpl.java:328)
	at org.sonar.ce.queue.InternalCeQueueImpl.peek(InternalCeQueueImpl.java:78)
	at org.sonar.ce.taskprocessor.CeWorkerImpl.tryAndFindTaskToExecute(CeWorkerImpl.java:170)
	at org.sonar.ce.taskprocessor.CeWorkerImpl.findAndProcessTask(CeWorkerImpl.java:153)
	at org.sonar.ce.taskprocessor.CeWorkerImpl$TrackRunningState.get(CeWorkerImpl.java:135)
	at org.sonar.ce.taskprocessor.CeWorkerImpl.call(CeWorkerImpl.java:87)
	at org.sonar.ce.taskprocessor.CeWorkerImpl.call(CeWorkerImpl.java:53)
	at com.google.common.util.concurrent.TrustedListenableFutureTask$TrustedFutureInterruptibleTask.runInterruptibly(TrustedListenableFutureTask.java:125)
	at com.google.common.util.concurrent.InterruptibleTask.run(InterruptibleTask.java:69)
	at com.google.common.util.concurrent.TrustedListenableFutureTask.run(TrustedListenableFutureTask.java:78)
	at java.base/java.util.concurrent.Executors$RunnableAdapter.call(Unknown Source)
	at java.base/java.util.concurrent.FutureTask.run(Unknown Source)
	at java.base/java.util.concurrent.ScheduledThreadPoolExecutor$ScheduledFutureTask.run(Unknown Source)
	at java.base/java.util.concurrent.ThreadPoolExecutor.runWorker(Unknown Source)
	at java.base/java.util.concurrent.ThreadPoolExecutor$Worker.run(Unknown Source)
	at java.base/java.lang.Thread.run(Unknown Source)
Caused by: org.postgresql.util.PSQLException: Connection to postgres:5432 refused. Check that the hostname and port are correct and that the postmaster is accepting TCP/IP connections.
	at org.postgresql.core.v3.ConnectionFactoryImpl.openConnectionImpl(ConnectionFactoryImpl.java:319)
	at org.postgresql.core.ConnectionFactory.openConnection(ConnectionFactory.java:49)
	at org.postgresql.jdbc.PgConnection.<init>(PgConnection.java:223)
	at org.postgresql.Driver.makeConnection(Driver.java:400)
	at org.postgresql.Driver.connect(Driver.java:259)
	at org.apache.commons.dbcp2.DriverConnectionFactory.createConnection(DriverConnectionFactory.java:55)
	at org.apache.commons.dbcp2.PoolableConnectionFactory.makeObject(PoolableConnectionFactory.java:355)
	at org.apache.commons.pool2.impl.GenericObjectPool.create(GenericObjectPool.java:889)
	at org.apache.commons.pool2.impl.GenericObjectPool.borrowObject(GenericObjectPool.java:424)
	at org.apache.commons.pool2.impl.GenericObjectPool.borrowObject(GenericObjectPool.java:349)
	at org.apache.commons.dbcp2.PoolingDataSource.getConnection(PoolingDataSource.java:134)
	at org.apache.commons.dbcp2.BasicDataSource$PaGetConnection.run(BasicDataSource.java:73)
	at org.apache.commons.dbcp2.BasicDataSource$PaGetConnection.run(BasicDataSource.java:69)
	at java.base/java.security.AccessController.doPrivileged(Native Method)
	at org.apache.commons.dbcp2.BasicDataSource.getConnection(BasicDataSource.java:744)
	at org.sonar.db.profiling.NullConnectionInterceptor.getConnection(NullConnectionInterceptor.java:31)
	at org.sonar.db.profiling.ProfiledDataSource.getConnection(ProfiledDataSource.java:317)
	at org.apache.ibatis.transaction.jdbc.JdbcTransaction.openConnection(JdbcTransaction.java:139)
	at org.apache.ibatis.transaction.jdbc.JdbcTransaction.getConnection(JdbcTransaction.java:61)
	at org.apache.ibatis.executor.BaseExecutor.getConnection(BaseExecutor.java:337)
	at org.apache.ibatis.executor.ReuseExecutor.prepareStatement(ReuseExecutor.java:88)
	at org.apache.ibatis.executor.ReuseExecutor.doQuery(ReuseExecutor.java:59)
	at org.apache.ibatis.executor.BaseExecutor.queryFromDatabase(BaseExecutor.java:325)
	at org.apache.ibatis.executor.BaseExecutor.query(BaseExecutor.java:156)
	at org.apache.ibatis.executor.CachingExecutor.query(CachingExecutor.java:109)
	at org.apache.ibatis.executor.CachingExecutor.query(CachingExecutor.java:89)
	at org.apache.ibatis.session.defaults.DefaultSqlSession.selectList(DefaultSqlSession.java:147)
	... 23 common frames omitted
Caused by: java.net.ConnectException: Connection refused (Connection refused)
	at java.base/java.net.PlainSocketImpl.socketConnect(Native Method)
	at java.base/java.net.AbstractPlainSocketImpl.doConnect(Unknown Source)
	at java.base/java.net.AbstractPlainSocketImpl.connectToAddress(Unknown Source)
	at java.base/java.net.AbstractPlainSocketImpl.connect(Unknown Source)
	at java.base/java.net.SocksSocketImpl.connect(Unknown Source)
	at java.base/java.net.Socket.connect(Unknown Source)
	at org.postgresql.core.PGStream.createSocket(PGStream.java:241)
	at org.postgresql.core.PGStream.<init>(PGStream.java:98)
	at org.postgresql.core.v3.ConnectionFactoryImpl.tryConnect(ConnectionFactoryImpl.java:109)
	at org.postgresql.core.v3.ConnectionFactoryImpl.openConnectionImpl(ConnectionFactoryImpl.java:235)
	... 49 common frames omitted
